<?xml version="1.0" encoding="UTF-8"?>
<!-- Generated by org.testng.reporters.JUnitReportReporter -->
<testsuite skipped="0" hostname="DESKTOP-1B5EHLS" name="TestNG_FW.Data_Test" tests="5" failures="0" timestamp="2020-09-12T21:37:02 EDT" time="153.282" errors="0">
  <testcase name="loginTest" time="19.387" classname="TestNG_FW.Data_Test"/>
  <system-out/>
  <testcase name="loginTest" time="38.955" classname="TestNG_FW.Data_Test"/>
  <system-out/>
  <testcase name="loginTest" time="37.776" classname="TestNG_FW.Data_Test"/>
  <system-out/>
  <testcase name="loginTest" time="37.031" classname="TestNG_FW.Data_Test"/>
  <system-out/>
  <testcase name="loginTest" time="20.133" classname="TestNG_FW.Data_Test"/>
  <system-out/>
</testsuite> <!-- TestNG_FW.Data_Test -->
