<?xml version="1.0" encoding="UTF-8"?>
<!-- Generated by org.testng.reporters.JUnitReportReporter -->
<testsuite skipped="0" hostname="DESKTOP-1B5EHLS" name="Xtra.NewTest" tests="1" failures="0" timestamp="2020-08-26T18:21:43 EDT" time="0.009" errors="0">
  <testcase name="f" time="0.009" classname="Xtra.NewTest"/>
  <system-out/>
</testsuite> <!-- Xtra.NewTest -->
