<?xml version="1.0" encoding="UTF-8"?>
<!-- Generated by org.testng.reporters.JUnitReportReporter -->
<testsuite skipped="0" hostname="DESKTOP-1B5EHLS" name="Facebook.Test_array" tests="2" failures="0" timestamp="2020-10-10T01:59:18 EDT" time="6.553" errors="0">
  <testcase name="f" time="3.251" classname="Facebook.Test_array"/>
  <system-out/>
  <testcase name="f" time="3.302" classname="Facebook.Test_array"/>
  <system-out/>
</testsuite> <!-- Facebook.Test_array -->
