<?xml version="1.0" encoding="UTF-8"?>
<!-- Generated by org.testng.reporters.JUnitReportReporter -->
<testsuite skipped="0" hostname="DESKTOP-1B5EHLS" name="TestNG_FW.GroupingTest" tests="6" failures="0" timestamp="2020-09-05T21:06:38 EDT" time="0.031" errors="0">
  <testcase name="towhidAlom" time="0.004" classname="TestNG_FW.GroupingTest"/>
  <system-out/>
  <testcase name="towhidAlom1" time="0.005" classname="TestNG_FW.GroupingTest"/>
  <system-out/>
  <testcase name="dadaMiah" time="0.002" classname="TestNG_FW.GroupingTest"/>
  <system-out/>
  <testcase name="towhidAl2" time="0.004" classname="TestNG_FW.GroupingTest"/>
  <system-out/>
  <testcase name="rajibChow" time="0.006" classname="TestNG_FW.GroupingTest"/>
  <system-out/>
  <testcase name="towhidAl" time="0.010" classname="TestNG_FW.GroupingTest"/>
  <system-out/>
</testsuite> <!-- TestNG_FW.GroupingTest -->
