<?xml version="1.0" encoding="UTF-8"?>
<!-- Generated by org.testng.reporters.JUnitReportReporter -->
<testsuite skipped="0" hostname="DESKTOP-1B5EHLS" name="TestNG_FW.CreateAcct" tests="1" failures="0" timestamp="2020-09-05T21:06:38 EDT" time="8.754" errors="0">
  <testcase name="createAccountMethod" time="8.754" classname="TestNG_FW.CreateAcct"/>
  <system-out/>
</testsuite> <!-- TestNG_FW.CreateAcct -->
