<?xml version="1.0" encoding="UTF-8"?>
<!-- Generated by org.testng.reporters.JUnitReportReporter -->
<testsuite skipped="0" hostname="DESKTOP-1B5EHLS" name="Xtra.tng" tests="3" failures="0" timestamp="2020-08-26T17:47:45 EDT" time="0.023" errors="0">
  <testcase name="mobileReg" time="0.009" classname="Xtra.tng"/>
  <system-out/>
  <testcase name="mobileLogout" time="0.004" classname="Xtra.tng"/>
  <system-out/>
  <testcase name="mobileLogin" time="0.010" classname="Xtra.tng"/>
  <system-out/>
</testsuite> <!-- Xtra.tng -->
