<?xml version="1.0" encoding="UTF-8"?>
<!-- Generated by org.testng.reporters.JUnitReportReporter -->
<testsuite skipped="1" hostname="DESKTOP-1B5EHLS" name="TestNG_FW.TestF1" tests="24" failures="0" timestamp="2020-09-05T21:06:38 EDT" time="0.139" errors="0">
  <testcase name="signhotmail1" time="0.010" classname="TestNG_FW.TestF1"/>
  <system-out/>
  <testcase name="signhotmail" time="0.008" classname="TestNG_FW.TestF1"/>
  <system-out/>
  <testcase name="signhotmail" time="0.016" classname="TestNG_FW.TestF1"/>
  <system-out/>
  <testcase name="signhotmail1" time="0.005" classname="TestNG_FW.TestF1"/>
  <system-out/>
  <testcase name="signhotmail" time="0.002" classname="TestNG_FW.TestF1"/>
  <system-out/>
  <testcase name="signhotmail1" time="0.007" classname="TestNG_FW.TestF1"/>
  <system-out/>
  <testcase name="signhotmail1" time="0.006" classname="TestNG_FW.TestF1"/>
  <system-out/>
  <testcase name="signhotmail1" time="0.007" classname="TestNG_FW.TestF1"/>
  <system-out/>
  <testcase name="signhotmail" time="0.002" classname="TestNG_FW.TestF1"/>
  <system-out/>
  <testcase name="signhotmail1" time="0.009" classname="TestNG_FW.TestF1"/>
  <system-out/>
  <testcase name="signhotmail1" time="0.004" classname="TestNG_FW.TestF1"/>
  <system-out/>
  <testcase name="login2" time="0.010" classname="TestNG_FW.TestF1"/>
  <system-out/>
  <testcase name="signhotmail" time="0.002" classname="TestNG_FW.TestF1"/>
  <system-out/>
  <testcase name="signhotmail" time="0.003" classname="TestNG_FW.TestF1"/>
  <system-out/>
  <testcase name="signhotmail1" time="0.005" classname="TestNG_FW.TestF1"/>
  <system-out/>
  <testcase name="login" time="0.007" classname="TestNG_FW.TestF1"/>
  <system-out/>
  <testcase name="signhotmail" time="0.003" classname="TestNG_FW.TestF1"/>
  <system-out/>
  <testcase name="signhotmail" time="0.007" classname="TestNG_FW.TestF1"/>
  <system-out/>
  <testcase name="signhotmail1" time="0.008" classname="TestNG_FW.TestF1"/>
  <system-out/>
  <testcase name="signhotmail" time="0.007" classname="TestNG_FW.TestF1"/>
  <system-out/>
  <testcase name="logingmail" time="0.005" classname="TestNG_FW.TestF1"/>
  <system-out/>
  <testcase name="signhotmail1" time="0.002" classname="TestNG_FW.TestF1"/>
  <system-out/>
  <testcase name="signhotmail" time="0.004" classname="TestNG_FW.TestF1"/>
  <system-out/>
  <testcase name="logingmail3" classname="TestNG_FW.TestF1">
    <skipped/>
  </testcase> <!-- logingmail3 -->
  <system-out/>
</testsuite> <!-- TestNG_FW.TestF1 -->
