<?xml version="1.0" encoding="UTF-8"?>
<!-- Generated by org.testng.reporters.JUnitReportReporter -->
<testsuite skipped="0" hostname="DESKTOP-1B5EHLS" name="Xtra.TestingTest" tests="1" failures="0" timestamp="2020-08-26T17:47:45 EDT" time="0.001" errors="0">
  <testcase name="f" time="0.001" classname="Xtra.TestingTest"/>
  <system-out/>
</testsuite> <!-- Xtra.TestingTest -->
