<?xml version="1.0" encoding="UTF-8"?>
<!-- Generated by org.testng.reporters.JUnitReportReporter -->
<testsuite skipped="0" hostname="DESKTOP-1B5EHLS" name="TestNG_FW.classAnnot" tests="3" failures="0" timestamp="2020-09-05T21:06:38 EDT" time="0.015" errors="0">
  <testcase name="gmail" time="0.002" classname="TestNG_FW.classAnnot"/>
  <system-out/>
  <testcase name="Yahoo" time="0.007" classname="TestNG_FW.classAnnot"/>
  <system-out/>
  <testcase name="hotmail" time="0.006" classname="TestNG_FW.classAnnot"/>
  <system-out/>
</testsuite> <!-- TestNG_FW.classAnnot -->
