<?xml version="1.0" encoding="UTF-8"?>
<!-- Generated by org.testng.reporters.JUnitReportReporter -->
<testsuite skipped="0" hostname="DESKTOP-1B5EHLS" name="Using_Array_In_Realtime.UsingTwoDim" tests="3" failures="0" timestamp="2020-10-10T19:24:40 EDT" time="12.973" errors="0">
  <testcase name="login" time="4.318" classname="Using_Array_In_Realtime.UsingTwoDim"/>
  <system-out/>
  <testcase name="login" time="4.363" classname="Using_Array_In_Realtime.UsingTwoDim"/>
  <system-out/>
  <testcase name="login" time="4.292" classname="Using_Array_In_Realtime.UsingTwoDim"/>
  <system-out/>
</testsuite> <!-- Using_Array_In_Realtime.UsingTwoDim -->
