<?xml version="1.0" encoding="UTF-8"?>
<!-- Generated by org.testng.reporters.JUnitReportReporter -->
<testsuite skipped="0" hostname="DESKTOP-1B5EHLS" name="TestNG_FW.PriorityTest" tests="5" failures="0" timestamp="2020-09-12T22:21:14 EDT" time="0.039" errors="0">
  <testcase name="honda" time="0.012" classname="TestNG_FW.PriorityTest"/>
  <system-out/>
  <testcase name="audi" time="0.004" classname="TestNG_FW.PriorityTest"/>
  <system-out/>
  <testcase name="bmw" time="0.002" classname="TestNG_FW.PriorityTest"/>
  <system-out/>
  <testcase name="hummer" time="0.017" classname="TestNG_FW.PriorityTest"/>
  <system-out/>
  <testcase name="tesla" time="0.004" classname="TestNG_FW.PriorityTest"/>
  <system-out/>
</testsuite> <!-- TestNG_FW.PriorityTest -->
