<?xml version="1.0" encoding="UTF-8"?>
<!-- Generated by org.testng.reporters.JUnitReportReporter -->
<testsuite skipped="0" hostname="DESKTOP-1B5EHLS" name="Xtra.testng_try" tests="1" failures="0" timestamp="2020-08-26T17:47:45 EDT" time="0.003" errors="0">
  <testcase name="f" time="0.003" classname="Xtra.testng_try"/>
  <system-out/>
</testsuite> <!-- Xtra.testng_try -->
