<?xml version="1.0" encoding="UTF-8"?>
<!-- Generated by org.testng.reporters.JUnitReportReporter -->
<testsuite skipped="2" hostname="DESKTOP-1B5EHLS" name="TestNG_FW.rajibAlom" tests="8" failures="0" timestamp="2020-09-05T21:06:38 EDT" time="25.016" errors="0">
  <testcase name="loginFB" time="5.003" classname="TestNG_FW.rajibAlom"/>
  <system-out/>
  <testcase name="loginFB" time="5.002" classname="TestNG_FW.rajibAlom"/>
  <system-out/>
  <testcase name="loginFB" time="5.003" classname="TestNG_FW.rajibAlom"/>
  <system-out/>
  <testcase name="loginGmail" time="0.004" classname="TestNG_FW.rajibAlom"/>
  <system-out/>
  <testcase name="loginFB" time="5.001" classname="TestNG_FW.rajibAlom"/>
  <system-out/>
  <testcase name="loginFB" time="5.003" classname="TestNG_FW.rajibAlom"/>
  <system-out/>
  <testcase name="login" classname="TestNG_FW.rajibAlom">
    <skipped/>
  </testcase> <!-- login -->
  <system-out/>
  <testcase name="windo" classname="TestNG_FW.rajibAlom">
    <skipped/>
  </testcase> <!-- windo -->
  <system-out/>
</testsuite> <!-- TestNG_FW.rajibAlom -->
