<?xml version="1.0" encoding="UTF-8"?>
<!-- Generated by org.testng.reporters.JUnitReportReporter -->
<testsuite skipped="0" hostname="DESKTOP-1B5EHLS" name="TestNG_FW.Grrr" tests="6" failures="0" timestamp="2020-09-05T21:06:38 EDT" time="0.037" errors="0">
  <testcase name="signhotmail1" time="0.005" classname="TestNG_FW.Grrr"/>
  <system-out/>
  <testcase name="login2" time="0.006" classname="TestNG_FW.Grrr"/>
  <system-out/>
  <testcase name="logingmail3" time="0.007" classname="TestNG_FW.Grrr"/>
  <system-out/>
  <testcase name="logingmail" time="0.004" classname="TestNG_FW.Grrr"/>
  <system-out/>
  <testcase name="login" time="0.010" classname="TestNG_FW.Grrr"/>
  <system-out/>
  <testcase name="signhotmail" time="0.005" classname="TestNG_FW.Grrr"/>
  <system-out/>
</testsuite> <!-- TestNG_FW.Grrr -->
